已經開始建置於 12/12/2017 14.57.41。
     1>節點 2 (Build 目標) 上的專案 "C:\Users\jansen\Desktop\Ch6_Lab2\Ch6_Lab2\Ch6_Lab2\Ch6_Lab2.vcxproj"。
     1>C:\Program Files (x86)\MSBuild\Microsoft.Cpp\v4.0\V120\Microsoft.CppBuild.targets(356,5): warning MSB8004: Intermediate Directory does not end with a trailing slash.  This build instance will add the slash as it is required to allow proper evaluation of the Intermediate Directory.
     1>C:\Program Files (x86)\MSBuild\Microsoft.Cpp\v4.0\V120\Microsoft.CppBuild.targets(357,5): warning MSB8004: Output Directory does not end with a trailing slash.  This build instance will add the slash as it is required to allow proper evaluation of the Output Directory.
     1>ClCompile:
         D:\jansen\CC programing\VC\bin\CL.exe /c /IC:\Users\jansen\Desktop\Ch6_Lab2\include /ZI /nologo /W3 /WX- /sdl /Od /Oy- /D _MBCS /Gm /EHsc /RTC1 /MDd /GS /fp:precise /Zc:wchar_t /Zc:forScope /Fo"..\..\temp\debug\\" /Fd"..\..\temp\debug\vc120.pdb" /Gd /TC /analyze- /errorReport:prompt ..\..\source\Main.c
         Main.c
     1>c:\users\jansen\desktop\ch6_lab2\source\main.c(24): warning C4566: 由通用字元名稱 '\u8A02' 表示的字元，無法在目前的字碼頁中表示 (1252)
     1>c:\users\jansen\desktop\ch6_lab2\source\main.c(24): warning C4566: 由通用字元名稱 '\u55AE' 表示的字元，無法在目前的字碼頁中表示 (1252)
     1>c:\users\jansen\desktop\ch6_lab2\source\main.c(24): warning C4566: 由通用字元名稱 '\u8CC7' 表示的字元，無法在目前的字碼頁中表示 (1252)
     1>c:\users\jansen\desktop\ch6_lab2\source\main.c(24): warning C4566: 由通用字元名稱 '\u6599' 表示的字元，無法在目前的字碼頁中表示 (1252)
     1>c:\users\jansen\desktop\ch6_lab2\source\main.c(27): warning C4566: 由通用字元名稱 '\u8A02' 表示的字元，無法在目前的字碼頁中表示 (1252)
     1>c:\users\jansen\desktop\ch6_lab2\source\main.c(27): warning C4566: 由通用字元名稱 '\u55AE' 表示的字元，無法在目前的字碼頁中表示 (1252)
     1>c:\users\jansen\desktop\ch6_lab2\source\main.c(27): warning C4566: 由通用字元名稱 '\u7DE8' 表示的字元，無法在目前的字碼頁中表示 (1252)
     1>c:\users\jansen\desktop\ch6_lab2\source\main.c(27): warning C4566: 由通用字元名稱 '\u865F' 表示的字元，無法在目前的字碼頁中表示 (1252)
     1>c:\users\jansen\desktop\ch6_lab2\source\main.c(27): warning C4566: 由通用字元名稱 '\u8CA8' 表示的字元，無法在目前的字碼頁中表示 (1252)
     1>c:\users\jansen\desktop\ch6_lab2\source\main.c(27): warning C4566: 由通用字元名稱 '\u65E5' 表示的字元，無法在目前的字碼頁中表示 (1252)
     1>c:\users\jansen\desktop\ch6_lab2\source\main.c(27): warning C4566: 由通用字元名稱 '\u671F' 表示的字元，無法在目前的字碼頁中表示 (1252)
     1>c:\users\jansen\desktop\ch6_lab2\source\main.c(27): warning C4566: 由通用字元名稱 '\u91D1' 表示的字元，無法在目前的字碼頁中表示 (1252)
     1>c:\users\jansen\desktop\ch6_lab2\source\main.c(27): warning C4566: 由通用字元名稱 '\u984D' 表示的字元，無法在目前的字碼頁中表示 (1252)
       Link:
         D:\jansen\CC programing\VC\bin\link.exe /ERRORREPORT:PROMPT /OUT:"..\..\temp\debug\Ch6_Lab2.exe" /INCREMENTAL /NOLOGO kernel32.lib user32.lib gdi32.lib winspool.lib comdlg32.lib advapi32.lib shell32.lib ole32.lib oleaut32.lib uuid.lib odbc32.lib odbccp32.lib /MANIFEST /MANIFESTUAC:"level='asInvoker' uiAccess='false'" /manifest:embed /DEBUG /PDB:"..\..\temp\debug\Ch6_Lab2.pdb" /TLBID:1 /DYNAMICBASE /NXCOMPAT /IMPLIB:"..\..\temp\debug\Ch6_Lab2.lib" /MACHINE:X86 ..\..\temp\debug\Main.obj
         Ch6_Lab2.vcxproj -> C:\Users\jansen\Desktop\Ch6_Lab2\Ch6_Lab2\Ch6_Lab2\..\..\temp\debug\Ch6_Lab2.exe
     1>專案 "C:\Users\jansen\Desktop\Ch6_Lab2\Ch6_Lab2\Ch6_Lab2\Ch6_Lab2.vcxproj" (Build 目標) 建置完成。

建置成功。

經過時間 00:00:02.07
